2018/06/07-14:03 [main] INFO  com.cic.MqPlatfromApplication- Starting MqPlatfromApplication on localhost with PID 5313 (/Users/qiandaxian/Documents/IdeaProject/mq_platfrom/target/classes started by qiandaxian in /Users/qiandaxian/Documents/IdeaProject/mq_platfrom)
2018/06/07-14:03 [main] INFO  com.cic.MqPlatfromApplication- The following profiles are active: dev
2018/06/07-14:03 [main] INFO  org.springframework.boot.context.embedded.AnnotationConfigEmbeddedWebApplicationContext- Refreshing org.springframework.boot.context.embedded.AnnotationConfigEmbeddedWebApplicationContext@7068e664: startup date [Thu Jun 07 14:03:01 CST 2018]; root of context hierarchy
2018/06/07-14:03 [main] WARN  org.mybatis.spring.mapper.ClassPathMapperScanner- No MyBatis mapper was found in '[com.cic]' package. Please check your configuration.
2018/06/07-14:03 [main] WARN  org.springframework.context.annotation.ConfigurationClassPostProcessor- Cannot enhance @Configuration bean definition 'mybatisConfigurer' since its singleton instance has been created too early. The typical cause is a non-static @Bean method with a BeanDefinitionRegistryPostProcessor return type: Consider declaring such methods as 'static'.
2018/06/07-14:03 [main] INFO  org.springframework.context.support.PostProcessorRegistrationDelegate$BeanPostProcessorChecker- Bean 'org.springframework.transaction.annotation.ProxyTransactionManagementConfiguration' of type [org.springframework.transaction.annotation.ProxyTransactionManagementConfiguration$$EnhancerBySpringCGLIB$$345504ac] is not eligible for getting processed by all BeanPostProcessors (for example: not eligible for auto-proxying)
2018/06/07-14:03 [main] INFO  org.springframework.boot.context.embedded.tomcat.TomcatEmbeddedServletContainer- Tomcat initialized with port(s): 9651 (http)
2018/06/07-14:03 [main] INFO  org.apache.catalina.core.StandardService- Starting service [Tomcat]
2018/06/07-14:03 [main] INFO  org.apache.catalina.core.StandardEngine- Starting Servlet Engine: Apache Tomcat/8.5.29
2018/06/07-14:03 [localhost-startStop-1] INFO  org.apache.catalina.core.ContainerBase.[Tomcat].[localhost].[/]- Initializing Spring embedded WebApplicationContext
2018/06/07-14:03 [localhost-startStop-1] INFO  org.springframework.web.context.ContextLoader- Root WebApplicationContext: initialization completed in 1908 ms
2018/06/07-14:03 [localhost-startStop-1] INFO  org.springframework.boot.web.servlet.ServletRegistrationBean- Mapping servlet: 'dispatcherServlet' to [/]
2018/06/07-14:03 [localhost-startStop-1] INFO  org.springframework.boot.web.servlet.FilterRegistrationBean- Mapping filter: 'characterEncodingFilter' to: [/*]
2018/06/07-14:03 [main] INFO  org.springframework.web.servlet.mvc.method.annotation.RequestMappingHandlerMapping- Mapped "{[/api/sysBooks/addBooks],methods=[POST]}" onto public com.cic.config.dao.Result com.cic.module.SysBooksController.create(com.cic.entity.vo.AddBooksVo,java.lang.String)
2018/06/07-14:03 [main] INFO  org.springframework.web.servlet.mvc.method.annotation.RequestMappingHandlerMapping- Mapped "{[/api/sysBooks/myBorrow]}" onto public com.cic.config.dao.Result com.cic.module.SysBooksController.list(java.lang.String)
2018/06/07-14:03 [main] INFO  org.springframework.web.servlet.mvc.method.annotation.RequestMappingHandlerMapping- Mapped "{[/api/sysBooks/addGrade],methods=[POST]}" onto public com.cic.config.dao.Result com.cic.module.SysBooksController.addGrade(com.cic.entity.vo.AddGradeVo,java.lang.String) throws java.lang.Exception
2018/06/07-14:03 [main] INFO  org.springframework.web.servlet.mvc.method.annotation.RequestMappingHandlerMapping- Mapped "{[/api/sysBooks/getBooks]}" onto public com.cic.config.dao.Result com.cic.module.SysBooksController.getBooks(java.lang.String,java.lang.String) throws java.lang.Exception
2018/06/07-14:03 [main] INFO  org.springframework.web.servlet.mvc.method.annotation.RequestMappingHandlerMapping- Mapped "{[/api/sysBooks/bookStatus]}" onto public com.cic.config.dao.Result com.cic.module.SysBooksController.getBookStatus(java.lang.String,java.lang.String) throws java.lang.Exception
2018/06/07-14:03 [main] INFO  org.springframework.web.servlet.mvc.method.annotation.RequestMappingHandlerMapping- Mapped "{[/api/sysBooks/borrowBooks],methods=[POST]}" onto public com.cic.config.dao.Result com.cic.module.SysBooksController.borrowBooks(java.util.Map,java.lang.String) throws java.lang.Exception
2018/06/07-14:03 [main] INFO  org.springframework.web.servlet.mvc.method.annotation.RequestMappingHandlerMapping- Mapped "{[/api/sysBooks/returnBooks],methods=[POST]}" onto public com.cic.config.dao.Result com.cic.module.SysBooksController.returnBooks(java.util.Map,java.lang.String) throws java.lang.Exception
2018/06/07-14:03 [main] INFO  org.springframework.web.servlet.mvc.method.annotation.RequestMappingHandlerMapping- Mapped "{[/api/sysUser/userInfo]}" onto public com.cic.config.dao.Result com.cic.module.SysUserController.getUserInfo(java.lang.String) throws java.lang.Exception
2018/06/07-14:03 [main] INFO  org.springframework.web.servlet.mvc.method.annotation.RequestMappingHandlerMapping- Mapped "{[/api/sysUser/login]}" onto public com.cic.config.dao.Result com.cic.module.SysUserController.login(java.lang.String) throws java.lang.Exception
2018/06/07-14:03 [main] INFO  org.springframework.web.servlet.mvc.method.annotation.RequestMappingHandlerMapping- Mapped "{[/api/sysUser/userInfoInputStatus]}" onto public com.cic.config.dao.Result com.cic.module.SysUserController.getUserInfoInputStatus(java.lang.String) throws java.lang.Exception
2018/06/07-14:03 [main] INFO  org.springframework.web.servlet.mvc.method.annotation.RequestMappingHandlerMapping- Mapped "{[/api/sysUser/addUserInfo],methods=[POST]}" onto public com.cic.config.dao.Result com.cic.module.SysUserController.addUserInfo(com.cic.entity.vo.AddUserInfoVo,java.lang.String) throws java.lang.Exception
2018/06/07-14:03 [main] INFO  org.springframework.web.servlet.mvc.method.annotation.RequestMappingHandlerMapping- Mapped "{[/api/sysUser/getCompany]}" onto public com.cic.config.dao.Result com.cic.module.SysUserController.getCompanyList() throws java.lang.Exception
2018/06/07-14:03 [main] INFO  org.springframework.web.servlet.mvc.method.annotation.RequestMappingHandlerMapping- Mapped "{[/v2/api-docs],methods=[GET],produces=[application/json || application/hal+json]}" onto public org.springframework.http.ResponseEntity<springfox.documentation.spring.web.json.Json> springfox.documentation.swagger2.web.Swagger2Controller.getDocumentation(java.lang.String,javax.servlet.http.HttpServletRequest)
2018/06/07-14:03 [main] INFO  org.springframework.web.servlet.mvc.method.annotation.RequestMappingHandlerMapping- Mapped "{[/swagger-resources/configuration/security]}" onto org.springframework.http.ResponseEntity<springfox.documentation.swagger.web.SecurityConfiguration> springfox.documentation.swagger.web.ApiResourceController.securityConfiguration()
2018/06/07-14:03 [main] INFO  org.springframework.web.servlet.mvc.method.annotation.RequestMappingHandlerMapping- Mapped "{[/swagger-resources/configuration/ui]}" onto org.springframework.http.ResponseEntity<springfox.documentation.swagger.web.UiConfiguration> springfox.documentation.swagger.web.ApiResourceController.uiConfiguration()
2018/06/07-14:03 [main] INFO  org.springframework.web.servlet.mvc.method.annotation.RequestMappingHandlerMapping- Mapped "{[/swagger-resources]}" onto org.springframework.http.ResponseEntity<java.util.List<springfox.documentation.swagger.web.SwaggerResource>> springfox.documentation.swagger.web.ApiResourceController.swaggerResources()
2018/06/07-14:03 [main] INFO  org.springframework.web.servlet.mvc.method.annotation.RequestMappingHandlerMapping- Mapped "{[/error]}" onto public org.springframework.http.ResponseEntity<java.util.Map<java.lang.String, java.lang.Object>> org.springframework.boot.autoconfigure.web.BasicErrorController.error(javax.servlet.http.HttpServletRequest)
2018/06/07-14:03 [main] INFO  org.springframework.web.servlet.mvc.method.annotation.RequestMappingHandlerMapping- Mapped "{[/error],produces=[text/html]}" onto public org.springframework.web.servlet.ModelAndView org.springframework.boot.autoconfigure.web.BasicErrorController.errorHtml(javax.servlet.http.HttpServletRequest,javax.servlet.http.HttpServletResponse)
2018/06/07-14:03 [main] INFO  org.springframework.web.servlet.handler.SimpleUrlHandlerMapping- Mapped URL path [/**] onto handler of type [class org.springframework.web.servlet.resource.ResourceHttpRequestHandler]
2018/06/07-14:03 [main] INFO  org.springframework.web.servlet.mvc.method.annotation.RequestMappingHandlerAdapter- Looking for @ControllerAdvice: org.springframework.boot.context.embedded.AnnotationConfigEmbeddedWebApplicationContext@7068e664: startup date [Thu Jun 07 14:03:01 CST 2018]; root of context hierarchy
2018/06/07-14:03 [main] INFO  org.springframework.jmx.export.annotation.AnnotationMBeanExporter- Registering beans for JMX exposure on startup
2018/06/07-14:03 [main] INFO  org.springframework.context.support.DefaultLifecycleProcessor- Starting beans in phase 2147483647
2018/06/07-14:03 [main] INFO  springfox.documentation.spring.web.plugins.DocumentationPluginsBootstrapper- Context refreshed
2018/06/07-14:03 [main] INFO  springfox.documentation.spring.web.plugins.DocumentationPluginsBootstrapper- Found 1 custom documentation plugin(s)
2018/06/07-14:03 [main] INFO  springfox.documentation.spring.web.scanners.ApiListingReferenceScanner- Scanning for api listing references
2018/06/07-14:03 [main] INFO  org.springframework.boot.context.embedded.tomcat.TomcatEmbeddedServletContainer- Tomcat started on port(s): 9651 (http)
2018/06/07-14:03 [main] INFO  com.cic.MqPlatfromApplicationRunner- 程序启动开始...
2018/06/07-14:03 [main] INFO  com.cic.MqPlatfromApplication- Started MqPlatfromApplication in 4.834 seconds (JVM running for 5.615)
2018/06/07-14:03 [Thread-13] INFO  org.springframework.boot.context.embedded.AnnotationConfigEmbeddedWebApplicationContext- Closing org.springframework.boot.context.embedded.AnnotationConfigEmbeddedWebApplicationContext@7068e664: startup date [Thu Jun 07 14:03:01 CST 2018]; root of context hierarchy
2018/06/07-14:03 [Thread-13] INFO  org.springframework.context.support.DefaultLifecycleProcessor- Stopping beans in phase 2147483647
2018/06/07-14:03 [Thread-13] INFO  org.springframework.jmx.export.annotation.AnnotationMBeanExporter- Unregistering JMX-exposed beans on shutdown
2018/06/07-14:03 [main] INFO  com.cic.MqPlatfromApplication- Starting MqPlatfromApplication on localhost with PID 5327 (/Users/qiandaxian/Documents/IdeaProject/mq_platfrom/target/classes started by qiandaxian in /Users/qiandaxian/Documents/IdeaProject/mq_platfrom)
2018/06/07-14:03 [main] INFO  com.cic.MqPlatfromApplication- The following profiles are active: dev
2018/06/07-14:03 [main] INFO  org.springframework.boot.context.embedded.AnnotationConfigEmbeddedWebApplicationContext- Refreshing org.springframework.boot.context.embedded.AnnotationConfigEmbeddedWebApplicationContext@7068e664: startup date [Thu Jun 07 14:03:32 CST 2018]; root of context hierarchy
2018/06/07-14:03 [main] WARN  org.mybatis.spring.mapper.ClassPathMapperScanner- No MyBatis mapper was found in '[com.cic]' package. Please check your configuration.
2018/06/07-14:03 [main] WARN  org.springframework.context.annotation.ConfigurationClassPostProcessor- Cannot enhance @Configuration bean definition 'mybatisConfigurer' since its singleton instance has been created too early. The typical cause is a non-static @Bean method with a BeanDefinitionRegistryPostProcessor return type: Consider declaring such methods as 'static'.
2018/06/07-14:03 [main] INFO  org.springframework.context.support.PostProcessorRegistrationDelegate$BeanPostProcessorChecker- Bean 'org.springframework.transaction.annotation.ProxyTransactionManagementConfiguration' of type [org.springframework.transaction.annotation.ProxyTransactionManagementConfiguration$$EnhancerBySpringCGLIB$$7a871cbb] is not eligible for getting processed by all BeanPostProcessors (for example: not eligible for auto-proxying)
2018/06/07-14:03 [main] INFO  org.springframework.boot.context.embedded.tomcat.TomcatEmbeddedServletContainer- Tomcat initialized with port(s): 9651 (http)
2018/06/07-14:03 [main] INFO  org.apache.catalina.core.StandardService- Starting service [Tomcat]
2018/06/07-14:03 [main] INFO  org.apache.catalina.core.StandardEngine- Starting Servlet Engine: Apache Tomcat/8.5.29
2018/06/07-14:03 [localhost-startStop-1] INFO  org.apache.catalina.core.ContainerBase.[Tomcat].[localhost].[/]- Initializing Spring embedded WebApplicationContext
2018/06/07-14:03 [localhost-startStop-1] INFO  org.springframework.web.context.ContextLoader- Root WebApplicationContext: initialization completed in 1820 ms
2018/06/07-14:03 [localhost-startStop-1] INFO  org.springframework.boot.web.servlet.ServletRegistrationBean- Mapping servlet: 'dispatcherServlet' to [/]
2018/06/07-14:03 [localhost-startStop-1] INFO  org.springframework.boot.web.servlet.FilterRegistrationBean- Mapping filter: 'characterEncodingFilter' to: [/*]
2018/06/07-14:03 [main] INFO  org.springframework.web.servlet.mvc.method.annotation.RequestMappingHandlerMapping- Mapped "{[/api/sysBooks/addBooks],methods=[POST]}" onto public com.cic.config.dao.Result com.cic.module.SysBooksController.create(com.cic.entity.vo.AddBooksVo,java.lang.String)
2018/06/07-14:03 [main] INFO  org.springframework.web.servlet.mvc.method.annotation.RequestMappingHandlerMapping- Mapped "{[/api/sysBooks/myBorrow]}" onto public com.cic.config.dao.Result com.cic.module.SysBooksController.list(java.lang.String)
2018/06/07-14:03 [main] INFO  org.springframework.web.servlet.mvc.method.annotation.RequestMappingHandlerMapping- Mapped "{[/api/sysBooks/addGrade],methods=[POST]}" onto public com.cic.config.dao.Result com.cic.module.SysBooksController.addGrade(com.cic.entity.vo.AddGradeVo,java.lang.String) throws java.lang.Exception
2018/06/07-14:03 [main] INFO  org.springframework.web.servlet.mvc.method.annotation.RequestMappingHandlerMapping- Mapped "{[/api/sysBooks/getBooks]}" onto public com.cic.config.dao.Result com.cic.module.SysBooksController.getBooks(java.lang.String,java.lang.String) throws java.lang.Exception
2018/06/07-14:03 [main] INFO  org.springframework.web.servlet.mvc.method.annotation.RequestMappingHandlerMapping- Mapped "{[/api/sysBooks/bookStatus]}" onto public com.cic.config.dao.Result com.cic.module.SysBooksController.getBookStatus(java.lang.String,java.lang.String) throws java.lang.Exception
2018/06/07-14:03 [main] INFO  org.springframework.web.servlet.mvc.method.annotation.RequestMappingHandlerMapping- Mapped "{[/api/sysBooks/borrowBooks],methods=[POST]}" onto public com.cic.config.dao.Result com.cic.module.SysBooksController.borrowBooks(java.util.Map,java.lang.String) throws java.lang.Exception
2018/06/07-14:03 [main] INFO  org.springframework.web.servlet.mvc.method.annotation.RequestMappingHandlerMapping- Mapped "{[/api/sysBooks/returnBooks],methods=[POST]}" onto public com.cic.config.dao.Result com.cic.module.SysBooksController.returnBooks(java.util.Map,java.lang.String) throws java.lang.Exception
2018/06/07-14:03 [main] INFO  org.springframework.web.servlet.mvc.method.annotation.RequestMappingHandlerMapping- Mapped "{[/api/sysUser/userInfo]}" onto public com.cic.config.dao.Result com.cic.module.SysUserController.getUserInfo(java.lang.String) throws java.lang.Exception
2018/06/07-14:03 [main] INFO  org.springframework.web.servlet.mvc.method.annotation.RequestMappingHandlerMapping- Mapped "{[/api/sysUser/login]}" onto public com.cic.config.dao.Result com.cic.module.SysUserController.login(java.lang.String) throws java.lang.Exception
2018/06/07-14:03 [main] INFO  org.springframework.web.servlet.mvc.method.annotation.RequestMappingHandlerMapping- Mapped "{[/api/sysUser/userInfoInputStatus]}" onto public com.cic.config.dao.Result com.cic.module.SysUserController.getUserInfoInputStatus(java.lang.String) throws java.lang.Exception
2018/06/07-14:03 [main] INFO  org.springframework.web.servlet.mvc.method.annotation.RequestMappingHandlerMapping- Mapped "{[/api/sysUser/addUserInfo],methods=[POST]}" onto public com.cic.config.dao.Result com.cic.module.SysUserController.addUserInfo(com.cic.entity.vo.AddUserInfoVo,java.lang.String) throws java.lang.Exception
2018/06/07-14:03 [main] INFO  org.springframework.web.servlet.mvc.method.annotation.RequestMappingHandlerMapping- Mapped "{[/api/sysUser/getCompany]}" onto public com.cic.config.dao.Result com.cic.module.SysUserController.getCompanyList() throws java.lang.Exception
2018/06/07-14:03 [main] INFO  org.springframework.web.servlet.mvc.method.annotation.RequestMappingHandlerMapping- Mapped "{[/v2/api-docs],methods=[GET],produces=[application/json || application/hal+json]}" onto public org.springframework.http.ResponseEntity<springfox.documentation.spring.web.json.Json> springfox.documentation.swagger2.web.Swagger2Controller.getDocumentation(java.lang.String,javax.servlet.http.HttpServletRequest)
2018/06/07-14:03 [main] INFO  org.springframework.web.servlet.mvc.method.annotation.RequestMappingHandlerMapping- Mapped "{[/swagger-resources/configuration/security]}" onto org.springframework.http.ResponseEntity<springfox.documentation.swagger.web.SecurityConfiguration> springfox.documentation.swagger.web.ApiResourceController.securityConfiguration()
2018/06/07-14:03 [main] INFO  org.springframework.web.servlet.mvc.method.annotation.RequestMappingHandlerMapping- Mapped "{[/swagger-resources/configuration/ui]}" onto org.springframework.http.ResponseEntity<springfox.documentation.swagger.web.UiConfiguration> springfox.documentation.swagger.web.ApiResourceController.uiConfiguration()
2018/06/07-14:03 [main] INFO  org.springframework.web.servlet.mvc.method.annotation.RequestMappingHandlerMapping- Mapped "{[/swagger-resources]}" onto org.springframework.http.ResponseEntity<java.util.List<springfox.documentation.swagger.web.SwaggerResource>> springfox.documentation.swagger.web.ApiResourceController.swaggerResources()
2018/06/07-14:03 [main] INFO  org.springframework.web.servlet.mvc.method.annotation.RequestMappingHandlerMapping- Mapped "{[/error]}" onto public org.springframework.http.ResponseEntity<java.util.Map<java.lang.String, java.lang.Object>> org.springframework.boot.autoconfigure.web.BasicErrorController.error(javax.servlet.http.HttpServletRequest)
2018/06/07-14:03 [main] INFO  org.springframework.web.servlet.mvc.method.annotation.RequestMappingHandlerMapping- Mapped "{[/error],produces=[text/html]}" onto public org.springframework.web.servlet.ModelAndView org.springframework.boot.autoconfigure.web.BasicErrorController.errorHtml(javax.servlet.http.HttpServletRequest,javax.servlet.http.HttpServletResponse)
2018/06/07-14:03 [main] INFO  org.springframework.web.servlet.handler.SimpleUrlHandlerMapping- Mapped URL path [/**] onto handler of type [class org.springframework.web.servlet.resource.ResourceHttpRequestHandler]
2018/06/07-14:03 [main] INFO  org.springframework.web.servlet.mvc.method.annotation.RequestMappingHandlerAdapter- Looking for @ControllerAdvice: org.springframework.boot.context.embedded.AnnotationConfigEmbeddedWebApplicationContext@7068e664: startup date [Thu Jun 07 14:03:32 CST 2018]; root of context hierarchy
2018/06/07-14:03 [main] INFO  org.springframework.jmx.export.annotation.AnnotationMBeanExporter- Registering beans for JMX exposure on startup
2018/06/07-14:03 [main] INFO  org.springframework.context.support.DefaultLifecycleProcessor- Starting beans in phase 2147483647
2018/06/07-14:03 [main] INFO  springfox.documentation.spring.web.plugins.DocumentationPluginsBootstrapper- Context refreshed
2018/06/07-14:03 [main] INFO  springfox.documentation.spring.web.plugins.DocumentationPluginsBootstrapper- Found 1 custom documentation plugin(s)
2018/06/07-14:03 [main] INFO  springfox.documentation.spring.web.scanners.ApiListingReferenceScanner- Scanning for api listing references
2018/06/07-14:03 [main] INFO  org.springframework.boot.context.embedded.tomcat.TomcatEmbeddedServletContainer- Tomcat started on port(s): 9651 (http)
2018/06/07-14:03 [main] INFO  com.cic.MqPlatfromApplicationRunner- 程序启动开始...
2018/06/07-14:03 [main] INFO  com.cic.MqPlatfromApplication- Started MqPlatfromApplication in 4.786 seconds (JVM running for 5.57)
2018/06/07-14:04 [Thread-13] INFO  org.springframework.boot.context.embedded.AnnotationConfigEmbeddedWebApplicationContext- Closing org.springframework.boot.context.embedded.AnnotationConfigEmbeddedWebApplicationContext@7068e664: startup date [Thu Jun 07 14:03:32 CST 2018]; root of context hierarchy
2018/06/07-14:04 [Thread-13] INFO  org.springframework.context.support.DefaultLifecycleProcessor- Stopping beans in phase 2147483647
2018/06/07-14:04 [Thread-13] INFO  org.springframework.jmx.export.annotation.AnnotationMBeanExporter- Unregistering JMX-exposed beans on shutdown
2018/06/07-14:04 [restartedMain] INFO  com.cic.MqPlatfromApplication- Starting MqPlatfromApplication on localhost with PID 5354 (/Users/qiandaxian/Documents/IdeaProject/mq_platfrom/target/classes started by qiandaxian in /Users/qiandaxian/Documents/IdeaProject/mq_platfrom)
2018/06/07-14:04 [restartedMain] INFO  com.cic.MqPlatfromApplication- The following profiles are active: dev
2018/06/07-14:04 [restartedMain] INFO  org.springframework.boot.context.embedded.AnnotationConfigEmbeddedWebApplicationContext- Refreshing org.springframework.boot.context.embedded.AnnotationConfigEmbeddedWebApplicationContext@3bae2174: startup date [Thu Jun 07 14:04:51 CST 2018]; root of context hierarchy
2018/06/07-14:04 [restartedMain] WARN  org.mybatis.spring.mapper.ClassPathMapperScanner- No MyBatis mapper was found in '[com.cic]' package. Please check your configuration.
2018/06/07-14:04 [restartedMain] WARN  org.springframework.context.annotation.ConfigurationClassPostProcessor- Cannot enhance @Configuration bean definition 'mybatisConfigurer' since its singleton instance has been created too early. The typical cause is a non-static @Bean method with a BeanDefinitionRegistryPostProcessor return type: Consider declaring such methods as 'static'.
2018/06/07-14:04 [restartedMain] INFO  org.springframework.context.support.PostProcessorRegistrationDelegate$BeanPostProcessorChecker- Bean 'org.springframework.transaction.annotation.ProxyTransactionManagementConfiguration' of type [org.springframework.transaction.annotation.ProxyTransactionManagementConfiguration$$EnhancerBySpringCGLIB$$41e40cff] is not eligible for getting processed by all BeanPostProcessors (for example: not eligible for auto-proxying)
2018/06/07-14:04 [restartedMain] INFO  org.springframework.boot.context.embedded.tomcat.TomcatEmbeddedServletContainer- Tomcat initialized with port(s): 9651 (http)
2018/06/07-14:04 [restartedMain] INFO  org.apache.catalina.core.StandardService- Starting service [Tomcat]
2018/06/07-14:04 [restartedMain] INFO  org.apache.catalina.core.StandardEngine- Starting Servlet Engine: Apache Tomcat/8.5.29
2018/06/07-14:04 [localhost-startStop-1] INFO  org.apache.catalina.core.ContainerBase.[Tomcat].[localhost].[/]- Initializing Spring embedded WebApplicationContext
2018/06/07-14:04 [localhost-startStop-1] INFO  org.springframework.web.context.ContextLoader- Root WebApplicationContext: initialization completed in 1722 ms
2018/06/07-14:04 [localhost-startStop-1] INFO  org.springframework.boot.web.servlet.ServletRegistrationBean- Mapping servlet: 'dispatcherServlet' to [/]
2018/06/07-14:04 [localhost-startStop-1] INFO  org.springframework.boot.web.servlet.FilterRegistrationBean- Mapping filter: 'characterEncodingFilter' to: [/*]
2018/06/07-14:04 [restartedMain] INFO  org.springframework.web.servlet.mvc.method.annotation.RequestMappingHandlerMapping- Mapped "{[/api/sysBooks/addBooks],methods=[POST]}" onto public com.cic.config.dao.Result com.cic.module.SysBooksController.create(com.cic.entity.vo.AddBooksVo,java.lang.String)
2018/06/07-14:04 [restartedMain] INFO  org.springframework.web.servlet.mvc.method.annotation.RequestMappingHandlerMapping- Mapped "{[/api/sysBooks/myBorrow]}" onto public com.cic.config.dao.Result com.cic.module.SysBooksController.list(java.lang.String)
2018/06/07-14:04 [restartedMain] INFO  org.springframework.web.servlet.mvc.method.annotation.RequestMappingHandlerMapping- Mapped "{[/api/sysBooks/addGrade],methods=[POST]}" onto public com.cic.config.dao.Result com.cic.module.SysBooksController.addGrade(com.cic.entity.vo.AddGradeVo,java.lang.String) throws java.lang.Exception
2018/06/07-14:04 [restartedMain] INFO  org.springframework.web.servlet.mvc.method.annotation.RequestMappingHandlerMapping- Mapped "{[/api/sysBooks/getBooks]}" onto public com.cic.config.dao.Result com.cic.module.SysBooksController.getBooks(java.lang.String,java.lang.String) throws java.lang.Exception
2018/06/07-14:04 [restartedMain] INFO  org.springframework.web.servlet.mvc.method.annotation.RequestMappingHandlerMapping- Mapped "{[/api/sysBooks/bookStatus]}" onto public com.cic.config.dao.Result com.cic.module.SysBooksController.getBookStatus(java.lang.String,java.lang.String) throws java.lang.Exception
2018/06/07-14:04 [restartedMain] INFO  org.springframework.web.servlet.mvc.method.annotation.RequestMappingHandlerMapping- Mapped "{[/api/sysBooks/borrowBooks],methods=[POST]}" onto public com.cic.config.dao.Result com.cic.module.SysBooksController.borrowBooks(java.util.Map,java.lang.String) throws java.lang.Exception
2018/06/07-14:04 [restartedMain] INFO  org.springframework.web.servlet.mvc.method.annotation.RequestMappingHandlerMapping- Mapped "{[/api/sysBooks/returnBooks],methods=[POST]}" onto public com.cic.config.dao.Result com.cic.module.SysBooksController.returnBooks(java.util.Map,java.lang.String) throws java.lang.Exception
2018/06/07-14:04 [restartedMain] INFO  org.springframework.web.servlet.mvc.method.annotation.RequestMappingHandlerMapping- Mapped "{[/api/sysUser/userInfo]}" onto public com.cic.config.dao.Result com.cic.module.SysUserController.getUserInfo(java.lang.String) throws java.lang.Exception
2018/06/07-14:04 [restartedMain] INFO  org.springframework.web.servlet.mvc.method.annotation.RequestMappingHandlerMapping- Mapped "{[/api/sysUser/login]}" onto public com.cic.config.dao.Result com.cic.module.SysUserController.login(java.lang.String) throws java.lang.Exception
2018/06/07-14:04 [restartedMain] INFO  org.springframework.web.servlet.mvc.method.annotation.RequestMappingHandlerMapping- Mapped "{[/api/sysUser/userInfoInputStatus]}" onto public com.cic.config.dao.Result com.cic.module.SysUserController.getUserInfoInputStatus(java.lang.String) throws java.lang.Exception
2018/06/07-14:04 [restartedMain] INFO  org.springframework.web.servlet.mvc.method.annotation.RequestMappingHandlerMapping- Mapped "{[/api/sysUser/addUserInfo],methods=[POST]}" onto public com.cic.config.dao.Result com.cic.module.SysUserController.addUserInfo(com.cic.entity.vo.AddUserInfoVo,java.lang.String) throws java.lang.Exception
2018/06/07-14:04 [restartedMain] INFO  org.springframework.web.servlet.mvc.method.annotation.RequestMappingHandlerMapping- Mapped "{[/api/sysUser/getCompany]}" onto public com.cic.config.dao.Result com.cic.module.SysUserController.getCompanyList() throws java.lang.Exception
2018/06/07-14:04 [restartedMain] INFO  org.springframework.web.servlet.mvc.method.annotation.RequestMappingHandlerMapping- Mapped "{[/v2/api-docs],methods=[GET],produces=[application/json || application/hal+json]}" onto public org.springframework.http.ResponseEntity<springfox.documentation.spring.web.json.Json> springfox.documentation.swagger2.web.Swagger2Controller.getDocumentation(java.lang.String,javax.servlet.http.HttpServletRequest)
2018/06/07-14:04 [restartedMain] INFO  org.springframework.web.servlet.mvc.method.annotation.RequestMappingHandlerMapping- Mapped "{[/swagger-resources/configuration/security]}" onto org.springframework.http.ResponseEntity<springfox.documentation.swagger.web.SecurityConfiguration> springfox.documentation.swagger.web.ApiResourceController.securityConfiguration()
2018/06/07-14:04 [restartedMain] INFO  org.springframework.web.servlet.mvc.method.annotation.RequestMappingHandlerMapping- Mapped "{[/swagger-resources/configuration/ui]}" onto org.springframework.http.ResponseEntity<springfox.documentation.swagger.web.UiConfiguration> springfox.documentation.swagger.web.ApiResourceController.uiConfiguration()
2018/06/07-14:04 [restartedMain] INFO  org.springframework.web.servlet.mvc.method.annotation.RequestMappingHandlerMapping- Mapped "{[/swagger-resources]}" onto org.springframework.http.ResponseEntity<java.util.List<springfox.documentation.swagger.web.SwaggerResource>> springfox.documentation.swagger.web.ApiResourceController.swaggerResources()
2018/06/07-14:04 [restartedMain] INFO  org.springframework.web.servlet.mvc.method.annotation.RequestMappingHandlerMapping- Mapped "{[/error]}" onto public org.springframework.http.ResponseEntity<java.util.Map<java.lang.String, java.lang.Object>> org.springframework.boot.autoconfigure.web.BasicErrorController.error(javax.servlet.http.HttpServletRequest)
2018/06/07-14:04 [restartedMain] INFO  org.springframework.web.servlet.mvc.method.annotation.RequestMappingHandlerMapping- Mapped "{[/error],produces=[text/html]}" onto public org.springframework.web.servlet.ModelAndView org.springframework.boot.autoconfigure.web.BasicErrorController.errorHtml(javax.servlet.http.HttpServletRequest,javax.servlet.http.HttpServletResponse)
2018/06/07-14:04 [restartedMain] INFO  org.springframework.web.servlet.handler.SimpleUrlHandlerMapping- Mapped URL path [/**] onto handler of type [class org.springframework.web.servlet.resource.ResourceHttpRequestHandler]
2018/06/07-14:04 [restartedMain] INFO  org.springframework.web.servlet.mvc.method.annotation.RequestMappingHandlerAdapter- Looking for @ControllerAdvice: org.springframework.boot.context.embedded.AnnotationConfigEmbeddedWebApplicationContext@3bae2174: startup date [Thu Jun 07 14:04:51 CST 2018]; root of context hierarchy
2018/06/07-14:04 [restartedMain] INFO  org.springframework.boot.devtools.autoconfigure.OptionalLiveReloadServer- LiveReload server is running on port 35729
2018/06/07-14:04 [restartedMain] INFO  org.springframework.jmx.export.annotation.AnnotationMBeanExporter- Registering beans for JMX exposure on startup
2018/06/07-14:04 [restartedMain] INFO  org.springframework.context.support.DefaultLifecycleProcessor- Starting beans in phase 2147483647
2018/06/07-14:04 [restartedMain] INFO  springfox.documentation.spring.web.plugins.DocumentationPluginsBootstrapper- Context refreshed
2018/06/07-14:04 [restartedMain] INFO  springfox.documentation.spring.web.plugins.DocumentationPluginsBootstrapper- Found 1 custom documentation plugin(s)
2018/06/07-14:04 [restartedMain] INFO  springfox.documentation.spring.web.scanners.ApiListingReferenceScanner- Scanning for api listing references
2018/06/07-14:04 [restartedMain] INFO  org.springframework.boot.context.embedded.tomcat.TomcatEmbeddedServletContainer- Tomcat started on port(s): 9651 (http)
2018/06/07-14:04 [restartedMain] INFO  com.cic.MqPlatfromApplicationRunner- 程序启动开始...
2018/06/07-14:04 [restartedMain] INFO  com.cic.MqPlatfromApplication- Started MqPlatfromApplication in 4.46 seconds (JVM running for 5.565)
2018/06/07-14:05 [http-nio-9651-exec-1] INFO  org.apache.catalina.core.ContainerBase.[Tomcat].[localhost].[/]- Initializing Spring FrameworkServlet 'dispatcherServlet'
2018/06/07-14:05 [http-nio-9651-exec-1] INFO  org.springframework.web.servlet.DispatcherServlet- FrameworkServlet 'dispatcherServlet': initialization started
2018/06/07-14:05 [http-nio-9651-exec-1] INFO  org.springframework.web.servlet.DispatcherServlet- FrameworkServlet 'dispatcherServlet': initialization completed in 23 ms
2018/06/07-14:05 [http-nio-9651-exec-1] WARN  com.cic.config.web.WebMvcConfigurer- 签名认证失败，请求接口：/error，请求IP：0:0:0:0:0:0:0:1，请求参数：{"code":["0236C97N0XR8x32QdUaN0qIe7N06C97l"]}，token：null
2018/06/07-14:05 [http-nio-9651-exec-2] WARN  com.cic.config.web.WebMvcConfigurer- 签名认证失败，请求接口：/error，请求IP：0:0:0:0:0:0:0:1，请求参数：{}，token：null
2018/06/07-14:05 [Thread-15] INFO  org.springframework.boot.context.embedded.AnnotationConfigEmbeddedWebApplicationContext- Closing org.springframework.boot.context.embedded.AnnotationConfigEmbeddedWebApplicationContext@3bae2174: startup date [Thu Jun 07 14:04:51 CST 2018]; root of context hierarchy
2018/06/07-14:05 [Thread-15] INFO  org.springframework.context.support.DefaultLifecycleProcessor- Stopping beans in phase 2147483647
2018/06/07-14:05 [Thread-15] INFO  org.springframework.jmx.export.annotation.AnnotationMBeanExporter- Unregistering JMX-exposed beans on shutdown
2018/06/07-14:05 [restartedMain] INFO  com.cic.MqPlatfromApplication- Starting MqPlatfromApplication on localhost with PID 5354 (/Users/qiandaxian/Documents/IdeaProject/mq_platfrom/target/classes started by qiandaxian in /Users/qiandaxian/Documents/IdeaProject/mq_platfrom)
2018/06/07-14:05 [restartedMain] INFO  com.cic.MqPlatfromApplication- The following profiles are active: dev
2018/06/07-14:05 [restartedMain] INFO  org.springframework.boot.context.embedded.AnnotationConfigEmbeddedWebApplicationContext- Refreshing org.springframework.boot.context.embedded.AnnotationConfigEmbeddedWebApplicationContext@3a48107a: startup date [Thu Jun 07 14:05:44 CST 2018]; root of context hierarchy
2018/06/07-14:05 [restartedMain] WARN  org.mybatis.spring.mapper.ClassPathMapperScanner- No MyBatis mapper was found in '[com.cic]' package. Please check your configuration.
2018/06/07-14:05 [restartedMain] INFO  org.springframework.boot.context.embedded.tomcat.TomcatEmbeddedServletContainer- Tomcat initialized with port(s): 9651 (http)
2018/06/07-14:05 [restartedMain] INFO  org.apache.catalina.core.StandardService- Starting service [Tomcat]
2018/06/07-14:05 [restartedMain] INFO  org.apache.catalina.core.StandardEngine- Starting Servlet Engine: Apache Tomcat/8.5.29
2018/06/07-14:05 [localhost-startStop-1] INFO  org.apache.catalina.core.ContainerBase.[Tomcat].[localhost].[/]- Initializing Spring embedded WebApplicationContext
2018/06/07-14:05 [localhost-startStop-1] INFO  org.springframework.web.context.ContextLoader- Root WebApplicationContext: initialization completed in 563 ms
2018/06/07-14:05 [localhost-startStop-1] INFO  org.springframework.boot.web.servlet.ServletRegistrationBean- Mapping servlet: 'dispatcherServlet' to [/]
2018/06/07-14:05 [localhost-startStop-1] INFO  org.springframework.boot.web.servlet.FilterRegistrationBean- Mapping filter: 'characterEncodingFilter' to: [/*]
2018/06/07-14:05 [localhost-startStop-1] INFO  org.springframework.boot.web.servlet.FilterRegistrationBean- Mapping filter: 'hiddenHttpMethodFilter' to: [/*]
2018/06/07-14:05 [localhost-startStop-1] INFO  org.springframework.boot.web.servlet.FilterRegistrationBean- Mapping filter: 'httpPutFormContentFilter' to: [/*]
2018/06/07-14:05 [localhost-startStop-1] INFO  org.springframework.boot.web.servlet.FilterRegistrationBean- Mapping filter: 'requestContextFilter' to: [/*]
2018/06/07-14:05 [restartedMain] INFO  org.springframework.web.servlet.mvc.method.annotation.RequestMappingHandlerAdapter- Looking for @ControllerAdvice: org.springframework.boot.context.embedded.AnnotationConfigEmbeddedWebApplicationContext@3a48107a: startup date [Thu Jun 07 14:05:44 CST 2018]; root of context hierarchy
2018/06/07-14:05 [restartedMain] INFO  org.springframework.web.servlet.mvc.method.annotation.RequestMappingHandlerMapping- Mapped "{[/error]}" onto public org.springframework.http.ResponseEntity<java.util.Map<java.lang.String, java.lang.Object>> org.springframework.boot.autoconfigure.web.BasicErrorController.error(javax.servlet.http.HttpServletRequest)
2018/06/07-14:05 [restartedMain] INFO  org.springframework.web.servlet.mvc.method.annotation.RequestMappingHandlerMapping- Mapped "{[/error],produces=[text/html]}" onto public org.springframework.web.servlet.ModelAndView org.springframework.boot.autoconfigure.web.BasicErrorController.errorHtml(javax.servlet.http.HttpServletRequest,javax.servlet.http.HttpServletResponse)
2018/06/07-14:05 [restartedMain] INFO  org.springframework.web.servlet.handler.SimpleUrlHandlerMapping- Mapped URL path [/webjars/**] onto handler of type [class org.springframework.web.servlet.resource.ResourceHttpRequestHandler]
2018/06/07-14:05 [restartedMain] INFO  org.springframework.web.servlet.handler.SimpleUrlHandlerMapping- Mapped URL path [/**] onto handler of type [class org.springframework.web.servlet.resource.ResourceHttpRequestHandler]
2018/06/07-14:05 [restartedMain] INFO  org.springframework.web.servlet.handler.SimpleUrlHandlerMapping- Mapped URL path [/**/favicon.ico] onto handler of type [class org.springframework.web.servlet.resource.ResourceHttpRequestHandler]
2018/06/07-14:05 [restartedMain] INFO  org.springframework.boot.devtools.autoconfigure.OptionalLiveReloadServer- LiveReload server is running on port 35729
2018/06/07-14:05 [restartedMain] INFO  org.springframework.jmx.export.annotation.AnnotationMBeanExporter- Registering beans for JMX exposure on startup
2018/06/07-14:05 [restartedMain] INFO  org.springframework.boot.context.embedded.tomcat.TomcatEmbeddedServletContainer- Tomcat started on port(s): 9651 (http)
2018/06/07-14:05 [restartedMain] INFO  com.cic.MqPlatfromApplication- Started MqPlatfromApplication in 1.315 seconds (JVM running for 55.573)
2018/06/07-14:05 [Thread-24] INFO  org.springframework.boot.context.embedded.AnnotationConfigEmbeddedWebApplicationContext- Closing org.springframework.boot.context.embedded.AnnotationConfigEmbeddedWebApplicationContext@3a48107a: startup date [Thu Jun 07 14:05:44 CST 2018]; root of context hierarchy
2018/06/07-14:05 [Thread-24] INFO  org.springframework.jmx.export.annotation.AnnotationMBeanExporter- Unregistering JMX-exposed beans on shutdown
2018/06/07-14:05 [restartedMain] INFO  com.cic.MqPlatfromApplication- Starting MqPlatfromApplication on localhost with PID 5354 (/Users/qiandaxian/Documents/IdeaProject/mq_platfrom/target/classes started by qiandaxian in /Users/qiandaxian/Documents/IdeaProject/mq_platfrom)
2018/06/07-14:05 [restartedMain] INFO  com.cic.MqPlatfromApplication- The following profiles are active: dev
2018/06/07-14:05 [restartedMain] INFO  org.springframework.boot.context.embedded.AnnotationConfigEmbeddedWebApplicationContext- Refreshing org.springframework.boot.context.embedded.AnnotationConfigEmbeddedWebApplicationContext@2bf60d5: startup date [Thu Jun 07 14:05:48 CST 2018]; root of context hierarchy
2018/06/07-14:05 [restartedMain] WARN  org.mybatis.spring.mapper.ClassPathMapperScanner- No MyBatis mapper was found in '[com.cic]' package. Please check your configuration.
2018/06/07-14:05 [restartedMain] WARN  org.springframework.context.annotation.ConfigurationClassPostProcessor- Cannot enhance @Configuration bean definition 'mybatisConfigurer' since its singleton instance has been created too early. The typical cause is a non-static @Bean method with a BeanDefinitionRegistryPostProcessor return type: Consider declaring such methods as 'static'.
2018/06/07-14:05 [restartedMain] INFO  org.springframework.context.support.PostProcessorRegistrationDelegate$BeanPostProcessorChecker- Bean 'org.springframework.transaction.annotation.ProxyTransactionManagementConfiguration' of type [org.springframework.transaction.annotation.ProxyTransactionManagementConfiguration$$EnhancerBySpringCGLIB$$41e40cff] is not eligible for getting processed by all BeanPostProcessors (for example: not eligible for auto-proxying)
2018/06/07-14:05 [restartedMain] INFO  org.springframework.boot.context.embedded.tomcat.TomcatEmbeddedServletContainer- Tomcat initialized with port(s): 9651 (http)
2018/06/07-14:05 [restartedMain] INFO  org.apache.catalina.core.StandardService- Starting service [Tomcat]
2018/06/07-14:05 [restartedMain] INFO  org.apache.catalina.core.StandardEngine- Starting Servlet Engine: Apache Tomcat/8.5.29
2018/06/07-14:05 [localhost-startStop-1] INFO  org.apache.catalina.core.ContainerBase.[Tomcat].[localhost].[/]- Initializing Spring embedded WebApplicationContext
2018/06/07-14:05 [localhost-startStop-1] INFO  org.springframework.web.context.ContextLoader- Root WebApplicationContext: initialization completed in 483 ms
2018/06/07-14:05 [localhost-startStop-1] INFO  org.springframework.boot.web.servlet.ServletRegistrationBean- Mapping servlet: 'dispatcherServlet' to [/]
2018/06/07-14:05 [localhost-startStop-1] INFO  org.springframework.boot.web.servlet.FilterRegistrationBean- Mapping filter: 'characterEncodingFilter' to: [/*]
2018/06/07-14:05 [restartedMain] INFO  org.springframework.web.servlet.mvc.method.annotation.RequestMappingHandlerMapping- Mapped "{[/api/sysBooks/addBooks],methods=[POST]}" onto public com.cic.config.dao.Result com.cic.module.SysBooksController.create(com.cic.entity.vo.AddBooksVo,java.lang.String)
2018/06/07-14:05 [restartedMain] INFO  org.springframework.web.servlet.mvc.method.annotation.RequestMappingHandlerMapping- Mapped "{[/api/sysBooks/myBorrow]}" onto public com.cic.config.dao.Result com.cic.module.SysBooksController.list(java.lang.String)
2018/06/07-14:05 [restartedMain] INFO  org.springframework.web.servlet.mvc.method.annotation.RequestMappingHandlerMapping- Mapped "{[/api/sysBooks/addGrade],methods=[POST]}" onto public com.cic.config.dao.Result com.cic.module.SysBooksController.addGrade(com.cic.entity.vo.AddGradeVo,java.lang.String) throws java.lang.Exception
2018/06/07-14:05 [restartedMain] INFO  org.springframework.web.servlet.mvc.method.annotation.RequestMappingHandlerMapping- Mapped "{[/api/sysBooks/getBooks]}" onto public com.cic.config.dao.Result com.cic.module.SysBooksController.getBooks(java.lang.String,java.lang.String) throws java.lang.Exception
2018/06/07-14:05 [restartedMain] INFO  org.springframework.web.servlet.mvc.method.annotation.RequestMappingHandlerMapping- Mapped "{[/api/sysBooks/bookStatus]}" onto public com.cic.config.dao.Result com.cic.module.SysBooksController.getBookStatus(java.lang.String,java.lang.String) throws java.lang.Exception
2018/06/07-14:05 [restartedMain] INFO  org.springframework.web.servlet.mvc.method.annotation.RequestMappingHandlerMapping- Mapped "{[/api/sysBooks/borrowBooks],methods=[POST]}" onto public com.cic.config.dao.Result com.cic.module.SysBooksController.borrowBooks(java.util.Map,java.lang.String) throws java.lang.Exception
2018/06/07-14:05 [restartedMain] INFO  org.springframework.web.servlet.mvc.method.annotation.RequestMappingHandlerMapping- Mapped "{[/api/sysBooks/returnBooks],methods=[POST]}" onto public com.cic.config.dao.Result com.cic.module.SysBooksController.returnBooks(java.util.Map,java.lang.String) throws java.lang.Exception
2018/06/07-14:05 [restartedMain] INFO  org.springframework.web.servlet.mvc.method.annotation.RequestMappingHandlerMapping- Mapped "{[/api/sysUser/userInfo]}" onto public com.cic.config.dao.Result com.cic.module.SysUserController.getUserInfo(java.lang.String) throws java.lang.Exception
2018/06/07-14:05 [restartedMain] INFO  org.springframework.web.servlet.mvc.method.annotation.RequestMappingHandlerMapping- Mapped "{[/api/sysUser/login]}" onto public com.cic.config.dao.Result com.cic.module.SysUserController.login(java.lang.String) throws java.lang.Exception
2018/06/07-14:05 [restartedMain] INFO  org.springframework.web.servlet.mvc.method.annotation.RequestMappingHandlerMapping- Mapped "{[/api/sysUser/userInfoInputStatus]}" onto public com.cic.config.dao.Result com.cic.module.SysUserController.getUserInfoInputStatus(java.lang.String) throws java.lang.Exception
2018/06/07-14:05 [restartedMain] INFO  org.springframework.web.servlet.mvc.method.annotation.RequestMappingHandlerMapping- Mapped "{[/api/sysUser/addUserInfo],methods=[POST]}" onto public com.cic.config.dao.Result com.cic.module.SysUserController.addUserInfo(com.cic.entity.vo.AddUserInfoVo,java.lang.String) throws java.lang.Exception
2018/06/07-14:05 [restartedMain] INFO  org.springframework.web.servlet.mvc.method.annotation.RequestMappingHandlerMapping- Mapped "{[/api/sysUser/getCompany]}" onto public com.cic.config.dao.Result com.cic.module.SysUserController.getCompanyList() throws java.lang.Exception
2018/06/07-14:05 [restartedMain] INFO  org.springframework.web.servlet.mvc.method.annotation.RequestMappingHandlerMapping- Mapped "{[/v2/api-docs],methods=[GET],produces=[application/json || application/hal+json]}" onto public org.springframework.http.ResponseEntity<springfox.documentation.spring.web.json.Json> springfox.documentation.swagger2.web.Swagger2Controller.getDocumentation(java.lang.String,javax.servlet.http.HttpServletRequest)
2018/06/07-14:05 [restartedMain] INFO  org.springframework.web.servlet.mvc.method.annotation.RequestMappingHandlerMapping- Mapped "{[/swagger-resources/configuration/security]}" onto org.springframework.http.ResponseEntity<springfox.documentation.swagger.web.SecurityConfiguration> springfox.documentation.swagger.web.ApiResourceController.securityConfiguration()
2018/06/07-14:05 [restartedMain] INFO  org.springframework.web.servlet.mvc.method.annotation.RequestMappingHandlerMapping- Mapped "{[/swagger-resources/configuration/ui]}" onto org.springframework.http.ResponseEntity<springfox.documentation.swagger.web.UiConfiguration> springfox.documentation.swagger.web.ApiResourceController.uiConfiguration()
2018/06/07-14:05 [restartedMain] INFO  org.springframework.web.servlet.mvc.method.annotation.RequestMappingHandlerMapping- Mapped "{[/swagger-resources]}" onto org.springframework.http.ResponseEntity<java.util.List<springfox.documentation.swagger.web.SwaggerResource>> springfox.documentation.swagger.web.ApiResourceController.swaggerResources()
2018/06/07-14:05 [restartedMain] INFO  org.springframework.web.servlet.mvc.method.annotation.RequestMappingHandlerMapping- Mapped "{[/error]}" onto public org.springframework.http.ResponseEntity<java.util.Map<java.lang.String, java.lang.Object>> org.springframework.boot.autoconfigure.web.BasicErrorController.error(javax.servlet.http.HttpServletRequest)
2018/06/07-14:05 [restartedMain] INFO  org.springframework.web.servlet.mvc.method.annotation.RequestMappingHandlerMapping- Mapped "{[/error],produces=[text/html]}" onto public org.springframework.web.servlet.ModelAndView org.springframework.boot.autoconfigure.web.BasicErrorController.errorHtml(javax.servlet.http.HttpServletRequest,javax.servlet.http.HttpServletResponse)
2018/06/07-14:05 [restartedMain] INFO  org.springframework.web.servlet.handler.SimpleUrlHandlerMapping- Mapped URL path [/**] onto handler of type [class org.springframework.web.servlet.resource.ResourceHttpRequestHandler]
2018/06/07-14:05 [restartedMain] INFO  org.springframework.web.servlet.mvc.method.annotation.RequestMappingHandlerAdapter- Looking for @ControllerAdvice: org.springframework.boot.context.embedded.AnnotationConfigEmbeddedWebApplicationContext@2bf60d5: startup date [Thu Jun 07 14:05:48 CST 2018]; root of context hierarchy
2018/06/07-14:05 [restartedMain] INFO  org.springframework.boot.devtools.autoconfigure.OptionalLiveReloadServer- LiveReload server is running on port 35729
2018/06/07-14:05 [restartedMain] INFO  org.springframework.jmx.export.annotation.AnnotationMBeanExporter- Registering beans for JMX exposure on startup
2018/06/07-14:05 [restartedMain] INFO  org.springframework.context.support.DefaultLifecycleProcessor- Starting beans in phase 2147483647
2018/06/07-14:05 [restartedMain] INFO  springfox.documentation.spring.web.plugins.DocumentationPluginsBootstrapper- Context refreshed
2018/06/07-14:05 [restartedMain] INFO  springfox.documentation.spring.web.plugins.DocumentationPluginsBootstrapper- Found 1 custom documentation plugin(s)
2018/06/07-14:05 [restartedMain] INFO  springfox.documentation.spring.web.scanners.ApiListingReferenceScanner- Scanning for api listing references
2018/06/07-14:05 [restartedMain] INFO  org.springframework.boot.context.embedded.tomcat.TomcatEmbeddedServletContainer- Tomcat started on port(s): 9651 (http)
2018/06/07-14:05 [restartedMain] INFO  com.cic.MqPlatfromApplicationRunner- 程序启动开始...
2018/06/07-14:05 [restartedMain] INFO  com.cic.MqPlatfromApplication- Started MqPlatfromApplication in 2.337 seconds (JVM running for 59.85)
2018/06/07-14:06 [http-nio-9651-exec-1] INFO  org.apache.catalina.core.ContainerBase.[Tomcat].[localhost].[/]- Initializing Spring FrameworkServlet 'dispatcherServlet'
2018/06/07-14:06 [http-nio-9651-exec-1] INFO  org.springframework.web.servlet.DispatcherServlet- FrameworkServlet 'dispatcherServlet': initialization started
2018/06/07-14:06 [http-nio-9651-exec-1] INFO  org.springframework.web.servlet.DispatcherServlet- FrameworkServlet 'dispatcherServlet': initialization completed in 3 ms
2018/06/07-14:06 [http-nio-9651-exec-1] WARN  com.cic.config.web.WebMvcConfigurer- 签名认证失败，请求接口：/error，请求IP：0:0:0:0:0:0:0:1，请求参数：{"code":["0236C97N0XR8x32QdUaN0qIe7N06C97l"]}，token：null
2018/06/07-14:06 [http-nio-9651-exec-2] WARN  com.cic.config.web.WebMvcConfigurer- 签名认证失败，请求接口：/error，请求IP：0:0:0:0:0:0:0:1，请求参数：{}，token：null
2018/06/07-14:07 [Thread-30] INFO  org.springframework.boot.context.embedded.AnnotationConfigEmbeddedWebApplicationContext- Closing org.springframework.boot.context.embedded.AnnotationConfigEmbeddedWebApplicationContext@2bf60d5: startup date [Thu Jun 07 14:05:48 CST 2018]; root of context hierarchy
2018/06/07-14:07 [Thread-30] INFO  org.springframework.context.support.DefaultLifecycleProcessor- Stopping beans in phase 2147483647
2018/06/07-14:07 [Thread-30] INFO  org.springframework.jmx.export.annotation.AnnotationMBeanExporter- Unregistering JMX-exposed beans on shutdown
2018/06/07-14:07 [restartedMain] WARN  org.mybatis.spring.mapper.ClassPathMapperScanner- No MyBatis mapper was found in '[com.cic]' package. Please check your configuration.
2018/06/07-14:07 [restartedMain] WARN  org.springframework.context.annotation.ConfigurationClassPostProcessor- Cannot enhance @Configuration bean definition 'mybatisConfigurer' since its singleton instance has been created too early. The typical cause is a non-static @Bean method with a BeanDefinitionRegistryPostProcessor return type: Consider declaring such methods as 'static'.
2018/06/07-14:07 [http-nio-9651-exec-1] WARN  com.cic.config.web.WebMvcConfigurer- 签名认证失败，请求接口：/error，请求IP：0:0:0:0:0:0:0:1，请求参数：{"code":["0236C97N0XR8x32QdUaN0qIe7N06C97l"]}，token：null
2018/06/07-14:07 [http-nio-9651-exec-2] WARN  com.cic.config.web.WebMvcConfigurer- 签名认证失败，请求接口：/error，请求IP：0:0:0:0:0:0:0:1，请求参数：{}，token：null
2018-06-07 14:08:14.858 info 5354 --- [restartedMain] o.m.s.mapper.ClassPathMapperScanner      : No MyBatis mapper was found in '[com.cic]' package. Please check your configuration.
2018-06-07 14:08:14.882 info 5354 --- [restartedMain] o.s.c.a.ConfigurationClassPostProcessor  : Cannot enhance @Configuration bean definition 'mybatisConfigurer' since its singleton instance has been created too early. The typical cause is a non-static @Bean method with a BeanDefinitionRegistryPostProcessor return type: Consider declaring such methods as 'static'.
2018-06-07 14:08:25.602 info 5354 --- [http-nio-9651-exec-1] com.cic.config.web.WebMvcConfigurer      : 签名认证失败，请求接口：/error，请求IP：0:0:0:0:0:0:0:1，请求参数：{"code":["0236C97N0XR8x32QdUaN0qIe7N06C97l"]}，token：null
2018-06-07 14:08:25.853 info 5354 --- [http-nio-9651-exec-2] com.cic.config.web.WebMvcConfigurer      : 签名认证失败，请求接口：/error，请求IP：0:0:0:0:0:0:0:1，请求参数：{}，token：null
2018-06-07 14:09:19.050 info 5354 --- [restartedMain] com.cic.MqPlatfromApplication            : Starting MqPlatfromApplication on localhost with PID 5354 (/Users/qiandaxian/Documents/IdeaProject/mq_platfrom/target/classes started by qiandaxian in /Users/qiandaxian/Documents/IdeaProject/mq_platfrom)
2018-06-07 14:09:19.050 info 5354 --- [restartedMain] com.cic.MqPlatfromApplication            : The following profiles are active: dev
2018-06-07 14:09:19.053 info 5354 --- [restartedMain] ationConfigEmbeddedWebApplicationContext : Refreshing org.springframework.boot.context.embedded.AnnotationConfigEmbeddedWebApplicationContext@7c2888e1: startup date [Thu Jun 07 14:09:19 CST 2018]; root of context hierarchy
2018-06-07 14:09:19.499 info 5354 --- [restartedMain] o.m.s.mapper.ClassPathMapperScanner      : No MyBatis mapper was found in '[com.cic]' package. Please check your configuration.
2018-06-07 14:09:19.533 info 5354 --- [restartedMain] o.s.c.a.ConfigurationClassPostProcessor  : Cannot enhance @Configuration bean definition 'mybatisConfigurer' since its singleton instance has been created too early. The typical cause is a non-static @Bean method with a BeanDefinitionRegistryPostProcessor return type: Consider declaring such methods as 'static'.
2018-06-07 14:09:19.578 info 5354 --- [restartedMain] trationDelegate$BeanPostProcessorChecker : Bean 'org.springframework.transaction.annotation.ProxyTransactionManagementConfiguration' of type [org.springframework.transaction.annotation.ProxyTransactionManagementConfiguration$$EnhancerBySpringCGLIB$$41e40cff] is not eligible for getting processed by all BeanPostProcessors (for example: not eligible for auto-proxying)
2018-06-07 14:09:19.637 info 5354 --- [restartedMain] s.b.c.e.t.TomcatEmbeddedServletContainer : Tomcat initialized with port(s): 9651 (http)
2018-06-07 14:09:19.638 info 5354 --- [restartedMain] o.apache.catalina.core.StandardService   : Starting service [Tomcat]
2018-06-07 14:09:19.638 info 5354 --- [restartedMain] org.apache.catalina.core.StandardEngine  : Starting Servlet Engine: Apache Tomcat/8.5.29
2018-06-07 14:09:19.646 info 5354 --- [localhost-startStop-1] o.a.c.c.C.[Tomcat].[localhost].[/]       : Initializing Spring embedded WebApplicationContext
2018-06-07 14:09:19.647 info 5354 --- [localhost-startStop-1] o.s.web.context.ContextLoader            : Root WebApplicationContext: initialization completed in 594 ms
2018-06-07 14:09:19.676 info 5354 --- [localhost-startStop-1] o.s.b.w.servlet.ServletRegistrationBean  : Mapping servlet: 'dispatcherServlet' to [/]
2018-06-07 14:09:19.677 info 5354 --- [localhost-startStop-1] o.s.b.w.servlet.FilterRegistrationBean   : Mapping filter: 'characterEncodingFilter' to: [/*]
2018-06-07 14:09:20.031 info 5354 --- [restartedMain] s.w.s.m.m.a.RequestMappingHandlerMapping : Mapped "{[/api/sysBooks/addBooks],methods=[POST]}" onto public com.cic.config.dao.Result com.cic.module.SysBooksController.create(com.cic.entity.vo.AddBooksVo,java.lang.String)
2018-06-07 14:09:20.031 info 5354 --- [restartedMain] s.w.s.m.m.a.RequestMappingHandlerMapping : Mapped "{[/api/sysBooks/myBorrow]}" onto public com.cic.config.dao.Result com.cic.module.SysBooksController.list(java.lang.String)
2018-06-07 14:09:20.032 info 5354 --- [restartedMain] s.w.s.m.m.a.RequestMappingHandlerMapping : Mapped "{[/api/sysBooks/addGrade],methods=[POST]}" onto public com.cic.config.dao.Result com.cic.module.SysBooksController.addGrade(com.cic.entity.vo.AddGradeVo,java.lang.String) throws java.lang.Exception
2018-06-07 14:09:20.032 info 5354 --- [restartedMain] s.w.s.m.m.a.RequestMappingHandlerMapping : Mapped "{[/api/sysBooks/getBooks]}" onto public com.cic.config.dao.Result com.cic.module.SysBooksController.getBooks(java.lang.String,java.lang.String) throws java.lang.Exception
2018-06-07 14:09:20.032 info 5354 --- [restartedMain] s.w.s.m.m.a.RequestMappingHandlerMapping : Mapped "{[/api/sysBooks/bookStatus]}" onto public com.cic.config.dao.Result com.cic.module.SysBooksController.getBookStatus(java.lang.String,java.lang.String) throws java.lang.Exception
2018-06-07 14:09:20.033 info 5354 --- [restartedMain] s.w.s.m.m.a.RequestMappingHandlerMapping : Mapped "{[/api/sysBooks/borrowBooks],methods=[POST]}" onto public com.cic.config.dao.Result com.cic.module.SysBooksController.borrowBooks(java.util.Map,java.lang.String) throws java.lang.Exception
2018-06-07 14:09:20.033 info 5354 --- [restartedMain] s.w.s.m.m.a.RequestMappingHandlerMapping : Mapped "{[/api/sysBooks/returnBooks],methods=[POST]}" onto public com.cic.config.dao.Result com.cic.module.SysBooksController.returnBooks(java.util.Map,java.lang.String) throws java.lang.Exception
2018-06-07 14:09:20.034 info 5354 --- [restartedMain] s.w.s.m.m.a.RequestMappingHandlerMapping : Mapped "{[/api/sysUser/userInfo]}" onto public com.cic.config.dao.Result com.cic.module.SysUserController.getUserInfo(java.lang.String) throws java.lang.Exception
2018-06-07 14:09:20.034 info 5354 --- [restartedMain] s.w.s.m.m.a.RequestMappingHandlerMapping : Mapped "{[/api/sysUser/login]}" onto public com.cic.config.dao.Result com.cic.module.SysUserController.login(java.lang.String) throws java.lang.Exception
2018-06-07 14:09:20.034 info 5354 --- [restartedMain] s.w.s.m.m.a.RequestMappingHandlerMapping : Mapped "{[/api/sysUser/userInfoInputStatus]}" onto public com.cic.config.dao.Result com.cic.module.SysUserController.getUserInfoInputStatus(java.lang.String) throws java.lang.Exception
2018-06-07 14:09:20.035 info 5354 --- [restartedMain] s.w.s.m.m.a.RequestMappingHandlerMapping : Mapped "{[/api/sysUser/addUserInfo],methods=[POST]}" onto public com.cic.config.dao.Result com.cic.module.SysUserController.addUserInfo(com.cic.entity.vo.AddUserInfoVo,java.lang.String) throws java.lang.Exception
2018-06-07 14:09:20.035 info 5354 --- [restartedMain] s.w.s.m.m.a.RequestMappingHandlerMapping : Mapped "{[/api/sysUser/getCompany]}" onto public com.cic.config.dao.Result com.cic.module.SysUserController.getCompanyList() throws java.lang.Exception
2018-06-07 14:09:20.036 info 5354 --- [restartedMain] s.w.s.m.m.a.RequestMappingHandlerMapping : Mapped "{[/v2/api-docs],methods=[GET],produces=[application/json || application/hal+json]}" onto public org.springframework.http.ResponseEntity<springfox.documentation.spring.web.json.Json> springfox.documentation.swagger2.web.Swagger2Controller.getDocumentation(java.lang.String,javax.servlet.http.HttpServletRequest)
2018-06-07 14:09:20.037 info 5354 --- [restartedMain] s.w.s.m.m.a.RequestMappingHandlerMapping : Mapped "{[/swagger-resources/configuration/security]}" onto org.springframework.http.ResponseEntity<springfox.documentation.swagger.web.SecurityConfiguration> springfox.documentation.swagger.web.ApiResourceController.securityConfiguration()
2018-06-07 14:09:20.038 info 5354 --- [restartedMain] s.w.s.m.m.a.RequestMappingHandlerMapping : Mapped "{[/swagger-resources/configuration/ui]}" onto org.springframework.http.ResponseEntity<springfox.documentation.swagger.web.UiConfiguration> springfox.documentation.swagger.web.ApiResourceController.uiConfiguration()
2018-06-07 14:09:20.038 info 5354 --- [restartedMain] s.w.s.m.m.a.RequestMappingHandlerMapping : Mapped "{[/swagger-resources]}" onto org.springframework.http.ResponseEntity<java.util.List<springfox.documentation.swagger.web.SwaggerResource>> springfox.documentation.swagger.web.ApiResourceController.swaggerResources()
2018-06-07 14:09:20.040 info 5354 --- [restartedMain] s.w.s.m.m.a.RequestMappingHandlerMapping : Mapped "{[/error]}" onto public org.springframework.http.ResponseEntity<java.util.Map<java.lang.String, java.lang.Object>> org.springframework.boot.autoconfigure.web.BasicErrorController.error(javax.servlet.http.HttpServletRequest)
2018-06-07 14:09:20.041 info 5354 --- [restartedMain] s.w.s.m.m.a.RequestMappingHandlerMapping : Mapped "{[/error],produces=[text/html]}" onto public org.springframework.web.servlet.ModelAndView org.springframework.boot.autoconfigure.web.BasicErrorController.errorHtml(javax.servlet.http.HttpServletRequest,javax.servlet.http.HttpServletResponse)
2018-06-07 14:09:20.064 info 5354 --- [restartedMain] o.s.w.s.handler.SimpleUrlHandlerMapping  : Mapped URL path [/**] onto handler of type [class org.springframework.web.servlet.resource.ResourceHttpRequestHandler]
2018-06-07 14:09:20.074 info 5354 --- [restartedMain] s.w.s.m.m.a.RequestMappingHandlerAdapter : Looking for @ControllerAdvice: org.springframework.boot.context.embedded.AnnotationConfigEmbeddedWebApplicationContext@7c2888e1: startup date [Thu Jun 07 14:09:19 CST 2018]; root of context hierarchy
2018-06-07 14:09:20.154 info 5354 --- [restartedMain] o.s.b.d.a.OptionalLiveReloadServer       : LiveReload server is running on port 35729
2018-06-07 14:09:20.237 info 5354 --- [restartedMain] o.s.j.e.a.AnnotationMBeanExporter        : Registering beans for JMX exposure on startup
2018-06-07 14:09:20.242 info 5354 --- [restartedMain] o.s.c.support.DefaultLifecycleProcessor  : Starting beans in phase 2147483647
2018-06-07 14:09:20.242 info 5354 --- [restartedMain] d.s.w.p.DocumentationPluginsBootstrapper : Context refreshed
2018-06-07 14:09:20.243 info 5354 --- [restartedMain] d.s.w.p.DocumentationPluginsBootstrapper : Found 1 custom documentation plugin(s)
2018-06-07 14:09:20.246 info 5354 --- [restartedMain] s.d.s.w.s.ApiListingReferenceScanner     : Scanning for api listing references
2018-06-07 14:09:20.459 info 5354 --- [restartedMain] s.b.c.e.t.TomcatEmbeddedServletContainer : Tomcat started on port(s): 9651 (http)
2018-06-07 14:09:20.462 info 5354 --- [restartedMain] com.cic.MqPlatfromApplicationRunner      : 程序启动开始...
2018-06-07 14:09:20.463 info 5354 --- [restartedMain] com.cic.MqPlatfromApplication            : Started MqPlatfromApplication in 1.438 seconds (JVM running for 270.515)
2018-06-07 14:09:27.566 info 5354 --- [http-nio-9651-exec-1] o.a.c.c.C.[Tomcat].[localhost].[/]       : Initializing Spring FrameworkServlet 'dispatcherServlet'
2018-06-07 14:09:27.566 info 5354 --- [http-nio-9651-exec-1] o.s.web.servlet.DispatcherServlet        : FrameworkServlet 'dispatcherServlet': initialization started
2018-06-07 14:09:27.570 info 5354 --- [http-nio-9651-exec-1] o.s.web.servlet.DispatcherServlet        : FrameworkServlet 'dispatcherServlet': initialization completed in 4 ms
2018-06-07 14:09:27.572 info 5354 --- [http-nio-9651-exec-1] com.cic.config.web.WebMvcConfigurer      : 签名认证失败，请求接口：/error，请求IP：0:0:0:0:0:0:0:1，请求参数：{}，token：null
2018-06-07 14:09:28.540 info 5354 --- [http-nio-9651-exec-2] com.cic.config.web.WebMvcConfigurer      : 签名认证失败，请求接口：/error，请求IP：0:0:0:0:0:0:0:1，请求参数：{}，token：null
2018-06-07 14:09:29.161 info 5354 --- [http-nio-9651-exec-3] com.cic.config.web.WebMvcConfigurer      : 签名认证失败，请求接口：/error，请求IP：0:0:0:0:0:0:0:1，请求参数：{}，token：null
2018-06-07 14:09:31.635 info 5354 --- [http-nio-9651-exec-4] com.cic.config.web.WebMvcConfigurer      : 签名认证失败，请求接口：/error，请求IP：0:0:0:0:0:0:0:1，请求参数：{"code":["0236C97N0XR8x32QdUaN0qIe7N06C97l"]}，token：null
2018-06-07 14:09:31.776 info 5354 --- [http-nio-9651-exec-5] com.cic.config.web.WebMvcConfigurer      : 签名认证失败，请求接口：/error，请求IP：0:0:0:0:0:0:0:1，请求参数：{}，token：null
2018-06-07 14:10:05.193 info 5354 --- [http-nio-9651-exec-8] com.cic.config.web.WebMvcConfigurer      : 签名认证失败，请求接口：/error，请求IP：0:0:0:0:0:0:0:1，请求参数：{"code":["0236C97N0XR8x32QdUaN0qIe7N06C97l"]}，token：null
2018-06-07 14:10:05.350 info 5354 --- [http-nio-9651-exec-9] com.cic.config.web.WebMvcConfigurer      : 签名认证失败，请求接口：/error，请求IP：0:0:0:0:0:0:0:1，请求参数：{}，token：null
2018-06-07 18:41:41.304 info 5354 --- [Thread-59] ationConfigEmbeddedWebApplicationContext : Closing org.springframework.boot.context.embedded.AnnotationConfigEmbeddedWebApplicationContext@7c2888e1: startup date [Thu Jun 07 14:09:19 CST 2018]; root of context hierarchy
2018-06-07 18:41:41.315 info 5354 --- [Thread-59] o.s.c.support.DefaultLifecycleProcessor  : Stopping beans in phase 2147483647
2018-06-07 18:41:41.317 info 5354 --- [Thread-59] o.s.j.e.a.AnnotationMBeanExporter        : Unregistering JMX-exposed beans on shutdown
